Start testing: Dec 01 22:12 RTZ 2 (çèìà)
----------------------------------------------------------
1/1 Testing: SortingTests
1/1 Test: SortingTests
Command: "C:/Users/ASUS'/CLionProjects/sorts/cmake-build-debug/test_sorts.exe"
Directory: C:/Users/ASUS'/CLionProjects/sorts/cmake-build-debug
"SortingTests" start time: Dec 01 22:12 RTZ 2 (çèìà)
Output:
----------------------------------------------------------
Running main() from C:/Users/ASUS'/CLionProjects/sorts/googletest/googletest/src/gtest_main.cc
[==========] Running 9 tests from 3 test suites.
[----------] Global test environment set-up.
[----------] 3 tests from CombSortTest
[ RUN      ] CombSortTest.BestCase
[       OK ] CombSortTest.BestCase (0 ms)
[ RUN      ] CombSortTest.AverageCase
[       OK ] CombSortTest.AverageCase (0 ms)
[ RUN      ] CombSortTest.WorstCase
[       OK ] CombSortTest.WorstCase (0 ms)
[----------] 3 tests from CombSortTest (0 ms total)

[----------] 3 tests from TimSortTest
[ RUN      ] TimSortTest.BestCase
[       OK ] TimSortTest.BestCase (0 ms)
[ RUN      ] TimSortTest.AverageCase
[       OK ] TimSortTest.AverageCase (0 ms)
[ RUN      ] TimSortTest.WorstCase
[       OK ] TimSortTest.WorstCase (0 ms)
[----------] 3 tests from TimSortTest (0 ms total)

[----------] 3 tests from IntroSortTest
[ RUN      ] IntroSortTest.BestCase
[       OK ] IntroSortTest.BestCase (0 ms)
[ RUN      ] IntroSortTest.AverageCase
[       OK ] IntroSortTest.AverageCase (0 ms)
[ RUN      ] IntroSortTest.WorstCase
[       OK ] IntroSortTest.WorstCase (0 ms)
[----------] 3 tests from IntroSortTest (0 ms total)

[----------] Global test environment tear-down
[==========] 9 tests from 3 test suites ran. (0 ms total)
[  PASSED  ] 9 tests.
<end of output>
Test time =   0.05 sec
----------------------------------------------------------
Test Passed.
"SortingTests" end time: Dec 01 22:12 RTZ 2 (çèìà)
"SortingTests" time elapsed: 00:00:00
----------------------------------------------------------

End testing: Dec 01 22:12 RTZ 2 (çèìà)
